W: 1b 49 
R: 2 12 13 0 
R: 44 32 52 90 1 52 20 3 52 40 6 52 80 c 41 40 6a 40 92 
W: 1b 66 
R: 2 12 2a 0 
R: 5 0 0 0 0 0 c0 c0 21 40 77 0 0 0 0 0 0 0 0 0 0 0 0 0 0 0 50 65 72 66 65 63 74 69 6f 6e 20 56 35 35 30 20 
W: 1b 69 
R: 2 12 3e 0 
R: 0 19 aa 0 0 0 0 0 0 0 0 0 0 0 64 0 c8 0 2c 1 90 1 58 2 20 3 b0 4 40 6 80 c 0 19 0 0 78 0 f0 0 40 1 90 1 8 2 20 3 b0 4 40 6 80 c c0 12 0 19 80 25 0 0 
W: 1c 49 
R: 44 32 0 0 0 19 0 0 64 0 0 0 0 19 0 0 e0 79 0 0 80 d4 0 0 80 24 1 0 0 0 0 0 0 0 0 0 80 43 0 0 80 ee 0 0 87 10 50 65 72 66 65 63 74 69 6f 6e 20 56 35 35 30 20 31 2e 30 32 10 10 0 0 0 0 0 0 0 0 0 0 0 0 
W: 1b 65 
R: 6 
W: 1 
R: 6 
W: 1b 65 
R: 6 
W: 1 
R: 6 
W: 1b 7a 
R: 6 
W: 52 0 1 2 3 4 5 6 7 8 9 a b c d e f 10 11 12 13 14 15 16 17 18 19 1a 1b 1c 1d 1e 1f 20 21 22 23 24 25 26 27 28 29 2a 2b 2c 2d 2e 2f 30 31 32 33 34 35 36 37 38 39 3a 3b 3c 3d 3e 3f 40 41 42 43 44 45 46 47 48 49 4a 4b 4c 4d 4e 4f 50 51 52 53 54 55 56 57 58 59 5a 5b 5c 5d 5e 5f 60 61 62 63 64 65 66 67 68 69 6a 6b 6c 6d 6e 6f 70 71 72 73 74 75 76 77 78 79 7a 7b 7c 7d 7e 7f 80 81 82 83 84 85 86 87 88 89 8a 8b 8c 8d 8e 8f 90 91 92 93 94 95 96 97 98 99 9a 9b 9c 9d 9e 9f a0 a1 a2 a3 a4 a5 a6 a7 a8 a9 aa ab ac ad ae af b0 b1 b2 b3 b4 b5 b6 b7 b8 b9 ba bb bc bd be bf c0 c1 c2 c3 c4 c5 c6 c7 c8 c9 ca cb cc cd ce cf d0 d1 d2 d3 d4 d5 d6 d7 d8 d9 da db dc dd de df e0 e1 e2 e3 e4 e5 e6 e7 e8 e9 ea eb ec ed ee ef f0 f1 f2 f3 f4 f5 f6 f7 f8 f9 fa fb fc fd fe ff 
R: 6 
W: 1b 7a 
R: 6 
W: 47 0 1 2 3 4 5 6 7 8 9 a b c d e f 10 11 12 13 14 15 16 17 18 19 1a 1b 1c 1d 1e 1f 20 21 22 23 24 25 26 27 28 29 2a 2b 2c 2d 2e 2f 30 31 32 33 34 35 36 37 38 39 3a 3b 3c 3d 3e 3f 40 41 42 43 44 45 46 47 48 49 4a 4b 4c 4d 4e 4f 50 51 52 53 54 55 56 57 58 59 5a 5b 5c 5d 5e 5f 60 61 62 63 64 65 66 67 68 69 6a 6b 6c 6d 6e 6f 70 71 72 73 74 75 76 77 78 79 7a 7b 7c 7d 7e 7f 80 81 82 83 84 85 86 87 88 89 8a 8b 8c 8d 8e 8f 90 91 92 93 94 95 96 97 98 99 9a 9b 9c 9d 9e 9f a0 a1 a2 a3 a4 a5 a6 a7 a8 a9 aa ab ac ad ae af b0 b1 b2 b3 b4 b5 b6 b7 b8 b9 ba bb bc bd be bf c0 c1 c2 c3 c4 c5 c6 c7 c8 c9 ca cb cc cd ce cf d0 d1 d2 d3 d4 d5 d6 d7 d8 d9 da db dc dd de df e0 e1 e2 e3 e4 e5 e6 e7 e8 e9 ea eb ec ed ee ef f0 f1 f2 f3 f4 f5 f6 f7 f8 f9 fa fb fc fd fe ff 
R: 6 
W: 1b 7a 
R: 6 
W: 42 0 1 2 3 4 5 6 7 8 9 a b c d e f 10 11 12 13 14 15 16 17 18 19 1a 1b 1c 1d 1e 1f 20 21 22 23 24 25 26 27 28 29 2a 2b 2c 2d 2e 2f 30 31 32 33 34 35 36 37 38 39 3a 3b 3c 3d 3e 3f 40 41 42 43 44 45 46 47 48 49 4a 4b 4c 4d 4e 4f 50 51 52 53 54 55 56 57 58 59 5a 5b 5c 5d 5e 5f 60 61 62 63 64 65 66 67 68 69 6a 6b 6c 6d 6e 6f 70 71 72 73 74 75 76 77 78 79 7a 7b 7c 7d 7e 7f 80 81 82 83 84 85 86 87 88 89 8a 8b 8c 8d 8e 8f 90 91 92 93 94 95 96 97 98 99 9a 9b 9c 9d 9e 9f a0 a1 a2 a3 a4 a5 a6 a7 a8 a9 aa ab ac ad ae af b0 b1 b2 b3 b4 b5 b6 b7 b8 b9 ba bb bc bd be bf c0 c1 c2 c3 c4 c5 c6 c7 c8 c9 ca cb cc cd ce cf d0 d1 d2 d3 d4 d5 d6 d7 d8 d9 da db dc dd de df e0 e1 e2 e3 e4 e5 e6 e7 e8 e9 ea eb ec ed ee ef f0 f1 f2 f3 f4 f5 f6 f7 f8 f9 fa fb fc fd fe ff 
R: 6 
W: 1b 6d 
R: 0 
W: 1c 57 
R: 6 
W: 90 1 0 0 90 1 0 0 0 0 0 0 0 0 0 0 38 4 0 0 e8 e 0 0 0 10 1 1 e 3 0 80 0 0 0 0 0 0 0 0 0 0 0 0 0 0 0 0 0 0 0 0 0 0 0 0 0 0 0 0 0 0 0 0 
R: 6 
W: 1c 46 
R: 1 0 c0 0 0 0 0 0 0 0 0 0 0 0 0 0 
W: 1c 47 
R: 2 12 20 76 0 0 10 1 0 0 80 43 0 0 
